This is TeX, Version 3.1415926 (TeX Live 2012/Debian) (format=tex 2013.5.21)  23 MAY 2013 18:06
**apresentacao.tex
(./apresentacao.tex
! Undefined control sequence.
l.3 \documentclass
                  {beamer}
? 
! Undefined control sequence.
l.5 \usepackage
               [utf8]{inputenc} % permite a escrita com acento
? 
! Undefined control sequence.
l.6 \usepackage
               {default}
? 
! Undefined control sequence.
l.7 \usetheme
             {CambridgeUS}
? 
! Undefined control sequence.
l.10 \usepackage
                {listings}       % Pacote Listings para inclus^^c3^^a3o de c...

? 
! Undefined control sequence.
l.11 \usepackage
                {hyperref}^^I% Pacote para criar links
? 
! Undefined control sequence.
l.13 \useoutertheme
                   {infolines}
? 
! Undefined control sequence.
l.15 \title
           [Introdu^^c3^^a7^^c3^^a3o ao Flex e Bison]{Introdu^^c3^^a7^^c3^^a...

? 
Missing character: There is no ^^c3 in font cmr10!
Missing character: There is no ^^a7 in font cmr10!
Missing character: There is no ^^c3 in font cmr10!
Missing character: There is no ^^a3 in font cmr10!
Missing character: There is no ^^c3 in font cmr10!
Missing character: There is no ^^a7 in font cmr10!
Missing character: There is no ^^c3 in font cmr10!
Missing character: There is no ^^a3 in font cmr10!
! Undefined control sequence.
l.16 \author
            [Lucas, Andr^^c3^^a9, George, Luis, Walderi]
? 
Missing character: There is no ^^c3 in font cmr10!
Missing character: There is no ^^a9 in font cmr10!
Missing character: There is no ^^c3 in font cmr10!
Missing character: There is no ^^a9 in font cmr10!
! Undefined control sequence.
l.19 ^^I\institute
                  [UEA]{Universidade do Estado do Amazonas}
? 
! Undefined control sequence.
l.20 \date
          {\today}
? 
! Undefined control sequence.
l.20 \date{\today
                 }
? 
! Undefined control sequence.
l.22 \begin
           {document}  % Inicio dos slides
? 
! Undefined control sequence.
l.25 \begin
           {frame}[plain] % Frame significa Slide, entao toda vez que
? 
! Undefined control sequence.
l.26     \titlepage
                      ^^I% tiver begin e end Frame significa que o slide
? 
! Undefined control sequence.
l.29             \begin
                       {figure} ^^I%para inserir figura basta fazer o mesmo ...

? 
! Undefined control sequence.
l.31             \includegraphics
                                 [scale=0.41]{simbolouea} %A figura pra ser ...

? 
! Missing number, treated as zero.
<to be read again> 
                   [
l.31             \includegraphics[
                                  scale=0.41]{simbolouea} %A figura pra ser ...

? 
! Illegal unit of measure (pt inserted).
<to be read again> 
                   [
l.31             \includegraphics[
                                  scale=0.41]{simbolouea} %A figura pra ser ...

? 
[1] )
Output written on apresentacao.dvi (1 page, 668 bytes).
